#
# There is insufficient memory for the Java Runtime Environment to continue.
# Native memory allocation (mmap) failed to map 268435456 bytes for Failed to commit area from 0x0000000700a00000 to 0x0000000710a00000 of length 268435456.
# Possible reasons:
#   The system is out of physical RAM or swap space
#   The process is running with CompressedOops enabled, and the Java Heap may be blocking the growth of the native heap
# Possible solutions:
#   Reduce memory load on the system
#   Increase physical memory or swap space
#   Check if swap backing store is full
#   Decrease Java heap size (-Xmx/-Xms)
#   Decrease number of Java threads
#   Decrease Java thread stack sizes (-Xss)
#   Set larger code cache with -XX:ReservedCodeCacheSize=
# This output file may be truncated or incomplete.
#
#  Out of Memory Error (./open/src/hotspot/os/windows/os_windows.cpp:3275), pid=1400, tid=22712
#
# JRE version:  (11.0.8+10) (build )
# Java VM: Java HotSpot(TM) 64-Bit Server VM (11.0.8+10-LTS, mixed mode, sharing, tiered, compressed oops, g1 gc, windows-amd64)
# Core dump will be written. Default location: C:\Users\Administrator\IdeaProjects\stadio-sbs-datamigration\hs_err_pid1400.mdmp
#

---------------  S U M M A R Y ------------

Command Line: -XX:TieredStopAtLevel=1 -Xverify:none -Dspring.output.ansi.enabled=always -Dcom.sun.management.jmxremote -Dspring.jmx.enabled=true -Dspring.liveBeansView.mbeanDomain -Dspring.application.admin.enabled=true -javaagent:C:\Program Files\JetBrains\IntelliJ IDEA 2019.3.4\lib\idea_rt.jar=52273:C:\Program Files\JetBrains\IntelliJ IDEA 2019.3.4\bin -Dfile.encoding=UTF-8 com.stadio.StadioSbsApplication

Host: Intel(R) Xeon(R) CPU E3-1231 v3 @ 3.40GHz, 8 cores, 15G,  Windows Server 2016 , 64 bit Build 14393 (10.0.14393.5582)
Time: Tue Apr 11 10:03:53 2023 South Africa Standard Time elapsed time: 0 seconds (0d 0h 0m 0s)

---------------  T H R E A D  ---------------

Current thread (0x00000209dc507800):  JavaThread "Unknown thread" [_thread_in_vm, id=22712, stack(0x000000bf2cd00000,0x000000bf2ce00000)]

Stack: [0x000000bf2cd00000,0x000000bf2ce00000]
Native frames: (J=compiled Java code, j=interpreted, Vv=VM code, C=native code)
V  [jvm.dll+0x601aea]
V  [jvm.dll+0x737fef]
V  [jvm.dll+0x739675]
V  [jvm.dll+0x739cf3]
V  [jvm.dll+0x242848]
V  [jvm.dll+0x5fef8a]
V  [jvm.dll+0x5f3eb5]
V  [jvm.dll+0x2f651c]
V  [jvm.dll+0x2f63a2]
V  [jvm.dll+0x2fb056]
V  [jvm.dll+0x33ce9f]
V  [jvm.dll+0x33c8d0]
V  [jvm.dll+0x2d4768]
V  [jvm.dll+0x2d58c6]
V  [jvm.dll+0x713e67]
V  [jvm.dll+0x71570f]
V  [jvm.dll+0x349c19]
V  [jvm.dll+0x6f97f0]
V  [jvm.dll+0x3b2a5f]
V  [jvm.dll+0x3b4e81]
C  [jli.dll+0x5213]
C  [ucrtbase.dll+0x1fb80]
C  [KERNEL32.DLL+0x84d4]
C  [ntdll.dll+0x51791]


---------------  P R O C E S S  ---------------

Threads class SMR info:
_java_thread_list=0x00000209da35dc10, length=0, elements={
}

Java Threads: ( => current thread )

Other Threads:
  0x00000209dc51c000 GCTaskThread "GC Thread#0" [stack: 0x000000bf2ce00000,0x000000bf2cf00000] [id=7824]
  0x00000209dc579000 ConcurrentGCThread "G1 Main Marker" [stack: 0x000000bf2cf00000,0x000000bf2d000000] [id=20944]
  0x00000209dc57c800 ConcurrentGCThread "G1 Conc#0" [stack: 0x000000bf2d000000,0x000000bf2d100000] [id=11208]

[error occurred during error reporting (printing all threads), id 0xc0000005, EXCEPTION_ACCESS_VIOLATION (0xc0000005) at pc=0x00007ffbf77e2f67]

VM state:not at safepoint (not fully initialized)

VM Mutex/Monitor currently owned by a thread:  ([mutex/lock_event])
[0x00000209dc506380] Heap_lock - owner thread: 0x00000209dc507800

Heap address: 0x0000000700a00000, size: 4086 MB, Compressed Oops mode: Non-zero based: 0x0000000700a00000
Narrow klass base: 0x0000000000000000, Narrow klass shift: 0

GC Heap History (0 events):
No events

Deoptimization events (0 events):
No events

Classes redefined (0 events):
No events

Internal exceptions (0 events):
No events

Events (0 events):
No events


Dynamic libraries:
0x00007ff709a90000 - 0x00007ff709a9f000 	C:\Program Files\Java\jdk-11.0.8\bin\java.exe
0x00007ffc5d700000 - 0x00007ffc5d8cf000 	C:\Windows\SYSTEM32\ntdll.dll
0x00007ffc5b0d0000 - 0x00007ffc5b17d000 	C:\Windows\System32\KERNEL32.DLL
0x00007ffc40280000 - 0x00007ffc40297000 	C:\Program Files\AVAST Software\Avast\aswhook.dll
0x00007ffc59d50000 - 0x00007ffc59f6e000 	C:\Windows\System32\KERNELBASE.dll
0x00007ffc5aba0000 - 0x00007ffc5ac94000 	C:\Windows\System32\ucrtbase.dll
0x00007ffc3f6d0000 - 0x00007ffc3f6e5000 	C:\Program Files\Java\jdk-11.0.8\bin\VCRUNTIME140.dll
0x00007ffc4dae0000 - 0x00007ffc4daf8000 	C:\Program Files\Java\jdk-11.0.8\bin\jli.dll
0x00007ffc5bf10000 - 0x00007ffc5bfb6000 	C:\Windows\System32\ADVAPI32.dll
0x00007ffc5c150000 - 0x00007ffc5c1ee000 	C:\Windows\System32\msvcrt.dll
0x00007ffc5beb0000 - 0x00007ffc5bf0b000 	C:\Windows\System32\sechost.dll
0x00007ffc5bfc0000 - 0x00007ffc5c0dd000 	C:\Windows\System32\RPCRT4.dll
0x00007ffc5b180000 - 0x00007ffc5b2e6000 	C:\Windows\System32\USER32.dll
0x00007ffc5a1f0000 - 0x00007ffc5a20e000 	C:\Windows\System32\win32u.dll
0x00007ffc5ad30000 - 0x00007ffc5ad64000 	C:\Windows\System32\GDI32.dll
0x00007ffc59f70000 - 0x00007ffc5a0f4000 	C:\Windows\System32\gdi32full.dll
0x00007ffc537a0000 - 0x00007ffc537aa000 	C:\Windows\SYSTEM32\VERSION.dll
0x00007ffc426a0000 - 0x00007ffc4291a000 	C:\Windows\WinSxS\amd64_microsoft.windows.common-controls_6595b64144ccf1df_6.0.14393.4169_none_7de0bbf28341b1f2\COMCTL32.dll
0x00007ffc5bab0000 - 0x00007ffc5bd76000 	C:\Windows\System32\combase.dll
0x00007ffc59bd0000 - 0x00007ffc59c3c000 	C:\Windows\System32\bcryptPrimitives.dll
0x00007ffc5ad00000 - 0x00007ffc5ad2e000 	C:\Windows\System32\IMM32.DLL
0x00007ffc21680000 - 0x00007ffc2171b000 	C:\Program Files\Java\jdk-11.0.8\bin\msvcp140.dll
0x00007ffbf7500000 - 0x00007ffbf7fe6000 	C:\Program Files\Java\jdk-11.0.8\bin\server\jvm.dll
0x00007ffc5baa0000 - 0x00007ffc5baa8000 	C:\Windows\System32\PSAPI.DLL
0x00007ffc51500000 - 0x00007ffc51509000 	C:\Windows\SYSTEM32\WSOCK32.dll
0x00007ffc57f70000 - 0x00007ffc57f93000 	C:\Windows\SYSTEM32\WINMM.dll
0x00007ffc5b990000 - 0x00007ffc5b9fa000 	C:\Windows\System32\WS2_32.dll
0x00000209dbc90000 - 0x00000209dbcbb000 	C:\Windows\SYSTEM32\WINMMBASE.dll
0x00007ffc5a1a0000 - 0x00007ffc5a1e2000 	C:\Windows\System32\cfgmgr32.dll
0x00007ffc59b60000 - 0x00007ffc59b6f000 	C:\Windows\System32\kernel.appcore.dll
0x00007ffc46a70000 - 0x00007ffc46a80000 	C:\Program Files\Java\jdk-11.0.8\bin\verify.dll
0x00007ffc54470000 - 0x00007ffc54602000 	C:\Windows\SYSTEM32\DBGHELP.DLL
0x00007ffc54240000 - 0x00007ffc54269000 	C:\Windows\SYSTEM32\dbgcore.DLL
0x00007ffc3e0b0000 - 0x00007ffc3e0d8000 	C:\Program Files\Java\jdk-11.0.8\bin\java.dll
0x00007ffc46a60000 - 0x00007ffc46a6a000 	C:\Program Files\Java\jdk-11.0.8\bin\jimage.dll
0x00007ffc52810000 - 0x00007ffc5281e000 	C:\Program Files\Java\jdk-11.0.8\bin\instrument.dll
0x00007ffc3e090000 - 0x00007ffc3e0a6000 	C:\Program Files\Java\jdk-11.0.8\bin\zip.dll

dbghelp: loaded successfully - version: 4.0.5 - missing functions: none
symbol engine: initialized successfully - sym options: 0x614 - pdb path: .;C:\Program Files\Java\jdk-11.0.8\bin;C:\Windows\SYSTEM32;C:\Program Files\AVAST Software\Avast;C:\Windows\WinSxS\amd64_microsoft.windows.common-controls_6595b64144ccf1df_6.0.14393.4169_none_7de0bbf28341b1f2;C:\Program Files\Java\jdk-11.0.8\bin\server

VM Arguments:
jvm_args: -XX:TieredStopAtLevel=1 -Xverify:none -Dspring.output.ansi.enabled=always -Dcom.sun.management.jmxremote -Dspring.jmx.enabled=true -Dspring.liveBeansView.mbeanDomain -Dspring.application.admin.enabled=true -javaagent:C:\Program Files\JetBrains\IntelliJ IDEA 2019.3.4\lib\idea_rt.jar=52273:C:\Program Files\JetBrains\IntelliJ IDEA 2019.3.4\bin -Dfile.encoding=UTF-8 
java_command: com.stadio.StadioSbsApplication
java_class_path (initial): C:\Users\Administrator\IdeaProjects\stadio-sbs-datamigration\target\classes;C:\Users\Administrator\.m2\repository\org\springframework\boot\spring-boot-starter-web\2.3.5.RELEASE\spring-boot-starter-web-2.3.5.RELEASE.jar;C:\Users\Administrator\.m2\repository\org\springframework\boot\spring-boot-starter\2.3.5.RELEASE\spring-boot-starter-2.3.5.RELEASE.jar;C:\Users\Administrator\.m2\repository\org\springframework\boot\spring-boot\2.3.5.RELEASE\spring-boot-2.3.5.RELEASE.jar;C:\Users\Administrator\.m2\repository\org\yaml\snakeyaml\1.26\snakeyaml-1.26.jar;C:\Users\Administrator\.m2\repository\org\springframework\boot\spring-boot-starter-json\2.3.5.RELEASE\spring-boot-starter-json-2.3.5.RELEASE.jar;C:\Users\Administrator\.m2\repository\com\fasterxml\jackson\datatype\jackson-datatype-jdk8\2.11.3\jackson-datatype-jdk8-2.11.3.jar;C:\Users\Administrator\.m2\repository\com\fasterxml\jackson\module\jackson-module-parameter-names\2.11.3\jackson-module-parameter-names-2.11.3.jar;C:\Users\Administrator\.m2\repository\org\springframework\spring-web\5.2.10.RELEASE\spring-web-5.2.10.RELEASE.jar;C:\Users\Administrator\.m2\repository\org\springframework\spring-beans\5.2.10.RELEASE\spring-beans-5.2.10.RELEASE.jar;C:\Users\Administrator\.m2\repository\org\springframework\spring-webmvc\5.2.10.RELEASE\spring-webmvc-5.2.10.RELEASE.jar;C:\Users\Administrator\.m2\repository\org\springframework\spring-aop\5.2.10.RELEASE\spring-aop-5.2.10.RELEASE.jar;C:\Users\Administrator\.m2\repository\org\springframework\spring-context\5.2.10.RELEASE\spring-context-5.2.10.RELEASE.jar;C:\Users\Administrator\.m2\repository\org\springframework\spring-expression\5.2.10.RELEASE\spring-expression-5.2.10.RELEASE.jar;C:\Users\Administrator\.m2\repository\com\microsoft\azure\azure-spring-boot-starter\2.3.5\azure-spring-boot-starter-2.3.5.jar;C:\Users\Administrator\.m2\repository\org\springframework\boot\spring-boot-starter-validation\2.3.5.RELEASE\spring-boot-starter-validation-2.3.5.RELEASE
Launcher Type: SUN_STANDARD

[Global flags]
     bool BytecodeVerificationLocal                = false                                     {product} {command line}
     bool BytecodeVerificationRemote               = false                                     {product} {command line}
     intx CICompilerCount                          = 4                                         {product} {ergonomic}
     uint ConcGCThreads                            = 2                                         {product} {ergonomic}
     uint G1ConcRefinementThreads                  = 8                                         {product} {ergonomic}
   size_t G1HeapRegionSize                         = 1048576                                   {product} {ergonomic}
    uintx GCDrainStackTargetSize                   = 64                                        {product} {ergonomic}
   size_t InitialHeapSize                          = 268435456                                 {product} {ergonomic}
     bool ManagementServer                         = true                                      {product} {command line}
   size_t MarkStackSize                            = 4194304                                   {product} {ergonomic}
   size_t MaxHeapSize                              = 4284481536                                {product} {ergonomic}
   size_t MinHeapDeltaBytes                        = 1048576                                   {product} {ergonomic}
    uintx NonNMethodCodeHeapSize                   = 7549744                                {pd product} {ergonomic}
    uintx NonProfiledCodeHeapSize                  = 244108496                              {pd product} {ergonomic}
    uintx ProfiledCodeHeapSize                     = 0                                      {pd product} {ergonomic}
    uintx ReservedCodeCacheSize                    = 251658240                              {pd product} {ergonomic}
     bool SegmentedCodeCache                       = true                                      {product} {ergonomic}
     intx TieredStopAtLevel                        = 1                                         {product} {command line}
     bool UseCompressedClassPointers               = true                                 {lp64_product} {ergonomic}
     bool UseCompressedOops                        = true                                 {lp64_product} {ergonomic}
     bool UseG1GC                                  = true                                      {product} {ergonomic}
     bool UseLargePagesIndividualAllocation        = false                                  {pd product} {ergonomic}

Logging:
Log output configuration:
 #0: stdout all=warning uptime,level,tags
 #1: stderr all=off uptime,level,tags

Environment Variables:
JRE_HOME=C:\Program Files\Java\jdk-11.0.8
PATH=C:\Program Files\JetBrains\IntelliJ IDEA 2019.3.4\bin\;C:\Program Files\Common Files\Oracle\Java\javapath;C:\Windows\system32;C:\Windows;C:\Windows\System32\Wbem;C:\Windows\System32\WindowsPowerShell\v1.0\;C:\GAM\;C:\Bitnami\wampstack-7.1.8-0\php;C:\ProgramData\ComposerSetup\bin;C:\Program Files\PostgreSQL\9.6\bin;C:\Program Files\Git\cmd;C:\xampp\php;C:\Program Files (x86)\GtkSharp\2.12\bin;C:\Users\Administrator\AppData\Local\Programs\Python\Python310\Scripts\;C:\Users\Administrator\AppData\Local\Programs\Python\Python310\;C:\Users\Administrator\AppData\Local\Microsoft\WindowsApps;C:\Users\Administrator\AppData\Roaming\Composer\vendor\bin;C:\Users\Administrator\AppData\Local\Programs\Microsoft VS Code\bin
USERNAME=Administrator
OS=Windows_NT
PROCESSOR_IDENTIFIER=Intel64 Family 6 Model 60 Stepping 3, GenuineIntel



---------------  S Y S T E M  ---------------

OS: Windows Server 2016 , 64 bit Build 14393 (10.0.14393.5582)

CPU:total 8 (initial active 8) (4 cores per cpu, 2 threads per core) family 6 model 60 stepping 3, cmov, cx8, fxsr, mmx, sse, sse2, sse3, ssse3, sse4.1, sse4.2, popcnt, avx, avx2, aes, clmul, erms, lzcnt, ht, tsc, tscinvbit, bmi1, bmi2, fma

Memory: 4k page, system-wide physical 16343M (1175M free)
TotalPageFile size 65495M (AvailPageFile size 49M)
current process WorkingSet (physical memory assigned to process): 10M, peak: 10M
current process commit charge ("private bytes"): 58M, peak: 314M

vm_info: Java HotSpot(TM) 64-Bit Server VM (11.0.8+10-LTS) for windows-amd64 JRE (11.0.8+10-LTS), built on Jun 16 2020 05:53:08 by "mach5one" with unknown MS VC++:1916

END.
